<?xml version="1.0" encoding="UTF-8"?>
<!-- Generated by org.testng.reporters.JUnitReportReporter -->
<testsuite skipped="0" hostname="DESKTOP-BUSIJCL" name="Qtech.Expedia.ExpediaSearch" tests="1" failures="0" timestamp="10 Jan 2018 18:15:49 GMT" time="46.568" errors="0">
  <testcase name="f" time="46.568" classname="Qtech.Expedia.ExpediaSearch"/>
</testsuite> <!-- Qtech.Expedia.ExpediaSearch -->
